Flow report for lab4b
Fri Mar 17 15:41:08 2023
Quartus II 64-Bit Version 14.0.2 Build 209 09/17/2014 SJ Full Version


---------------------
; Table of Contents ;
---------------------
  1. Legal Notice
  2. Flow Summary
  3. Flow Settings
  4. Flow Non-Default Global Settings
  5. Flow Elapsed Time
  6. Flow OS Summary
  7. Flow Log
  8. Flow Messages
  9. Flow Suppressed Messages



----------------
; Legal Notice ;
----------------
Copyright (C) 1991-2014 Altera Corporation. All rights reserved.
Your use of Altera Corporation's design tools, logic functions 
and other software and tools, and its AMPP partner logic 
functions, and any output files from any of the foregoing 
(including device programming or simulation files), and any 
associated documentation or information are expressly subject 
to the terms and conditions of the Altera Program License 
Subscription Agreement, the Altera Quartus II License Agreement,
the Altera MegaCore Function License Agreement, or other 
applicable license agreement, including, without limitation, 
that your use is for the sole purpose of programming logic 
devices manufactured by Altera and sold by Altera or its 
authorized distributors.  Please refer to the applicable 
agreement for further details.



+----------------------------------------------------------------------------------+
; Flow Summary                                                                     ;
+------------------------------------+---------------------------------------------+
; Flow Status                        ; Successful - Fri Mar 17 15:41:07 2023       ;
; Quartus II 64-Bit Version          ; 14.0.2 Build 209 09/17/2014 SJ Full Version ;
; Revision Name                      ; lab4b                                       ;
; Top-level Entity Name              ; DataPath                                    ;
; Family                             ; Cyclone IV E                                ;
; Device                             ; EP4CE115F29C7                               ;
; Timing Models                      ; Final                                       ;
; Total logic elements               ; 620 / 114,480 ( < 1 % )                     ;
;     Total combinational functions  ; 607 / 114,480 ( < 1 % )                     ;
;     Dedicated logic registers      ; 193 / 114,480 ( < 1 % )                     ;
; Total registers                    ; 193                                         ;
; Total pins                         ; 326 / 529 ( 62 % )                          ;
; Total virtual pins                 ; 0                                           ;
; Total memory bits                  ; 8,192 / 3,981,312 ( < 1 % )                 ;
; Embedded Multiplier 9-bit elements ; 0 / 532 ( 0 % )                             ;
; Total PLLs                         ; 0 / 4 ( 0 % )                               ;
+------------------------------------+---------------------------------------------+


+-----------------------------------------+
; Flow Settings                           ;
+-------------------+---------------------+
; Option            ; Setting             ;
+-------------------+---------------------+
; Start date & time ; 03/15/2023 13:48:00 ;
; Main task         ; Compilation         ;
; Revision Name     ; lab4b               ;
+-------------------+---------------------+


+-----------------------------------------------------------------------------------------------------------------------------------------------+
; Flow Non-Default Global Settings                                                                                                              ;
+-------------------------------------+----------------------------------------------------------+---------------+-------------+----------------+
; Assignment Name                     ; Value                                                    ; Default Value ; Entity Name ; Section Id     ;
+-------------------------------------+----------------------------------------------------------+---------------+-------------+----------------+
; COMPILER_SIGNATURE_ID               ; 26403096656714.167890248016800                           ; --            ; --          ; --             ;
; EDA_GENERATE_FUNCTIONAL_NETLIST     ; On                                                       ; --            ; --          ; eda_simulation ;
; EDA_NETLIST_WRITER_OUTPUT_DIR       ; /home/student1/s364pate/Desktop/lab4b 2/simulation/qsim/ ; --            ; --          ; eda_simulation ;
; EDA_OUTPUT_DATA_FORMAT              ; Verilog Hdl                                              ; --            ; --          ; eda_simulation ;
; EDA_SIMULATION_TOOL                 ; ModelSim-Altera (Verilog)                                ; <None>        ; --          ; --             ;
; MAX_CORE_JUNCTION_TEMP              ; 85                                                       ; --            ; --          ; --             ;
; MIN_CORE_JUNCTION_TEMP              ; 0                                                        ; --            ; --          ; --             ;
; NOMINAL_CORE_SUPPLY_VOLTAGE         ; 1.2V                                                     ; --            ; --          ; --             ;
; PARTITION_COLOR                     ; 16764057                                                 ; --            ; DataPath    ; Top            ;
; PARTITION_FITTER_PRESERVATION_LEVEL ; PLACEMENT_AND_ROUTING                                    ; --            ; DataPath    ; Top            ;
; PARTITION_NETLIST_TYPE              ; SOURCE                                                   ; --            ; DataPath    ; Top            ;
; POWER_BOARD_THERMAL_MODEL           ; None (CONSERVATIVE)                                      ; --            ; --          ; --             ;
; POWER_PRESET_COOLING_SOLUTION       ; 23 MM HEAT SINK WITH 200 LFPM AIRFLOW                    ; --            ; --          ; --             ;
; PROJECT_OUTPUT_DIRECTORY            ; output_files                                             ; --            ; --          ; --             ;
; TOP_LEVEL_ENTITY                    ; DataPath                                                 ; lab4b         ; --          ; --             ;
+-------------------------------------+----------------------------------------------------------+---------------+-------------+----------------+


+-------------------------------------------------------------------------------------------------------------------------------+
; Flow Elapsed Time                                                                                                             ;
+---------------------------+--------------+-------------------------+---------------------+------------------------------------+
; Module Name               ; Elapsed Time ; Average Processors Used ; Peak Virtual Memory ; Total CPU Time (on all processors) ;
+---------------------------+--------------+-------------------------+---------------------+------------------------------------+
; Analysis & Synthesis      ; 00:00:09     ; 1.0                     ; 1006 MB             ; 00:00:04                           ;
; Fitter                    ; 00:00:40     ; 1.3                     ; 1425 MB             ; 00:00:46                           ;
; Assembler                 ; 00:00:05     ; 1.0                     ; 768 MB              ; 00:00:05                           ;
; TimeQuest Timing Analyzer ; 00:00:11     ; 1.0                     ; 919 MB              ; 00:00:05                           ;
; EDA Netlist Writer        ; 00:00:01     ; 1.0                     ; 901 MB              ; 00:00:01                           ;
; EDA Netlist Writer        ; 00:00:02     ; 1.0                     ; 1018 MB             ; 00:00:01                           ;
; EDA Netlist Writer        ; 00:00:01     ; 1.0                     ; 1018 MB             ; 00:00:01                           ;
; EDA Netlist Writer        ; 00:00:01     ; 1.0                     ; 1018 MB             ; 00:00:01                           ;
; EDA Netlist Writer        ; 00:00:04     ; 1.0                     ; 1034 MB             ; 00:00:02                           ;
; EDA Netlist Writer        ; 00:00:02     ; 1.0                     ; 1018 MB             ; 00:00:01                           ;
; EDA Netlist Writer        ; 00:00:03     ; 1.0                     ; 1034 MB             ; 00:00:02                           ;
; EDA Netlist Writer        ; 00:00:01     ; 1.0                     ; 1018 MB             ; 00:00:01                           ;
; EDA Netlist Writer        ; 00:00:01     ; 1.0                     ; 1018 MB             ; 00:00:01                           ;
; EDA Netlist Writer        ; 00:00:01     ; 1.0                     ; 1018 MB             ; 00:00:01                           ;
; EDA Netlist Writer        ; 00:00:01     ; 1.0                     ; 1018 MB             ; 00:00:01                           ;
; EDA Netlist Writer        ; 00:00:01     ; 1.0                     ; 1018 MB             ; 00:00:01                           ;
; EDA Netlist Writer        ; 00:00:02     ; 1.0                     ; 1034 MB             ; 00:00:02                           ;
; EDA Netlist Writer        ; 00:00:01     ; 1.0                     ; 1018 MB             ; 00:00:01                           ;
; EDA Netlist Writer        ; 00:00:03     ; 1.0                     ; 1034 MB             ; 00:00:02                           ;
; EDA Netlist Writer        ; 00:00:01     ; 1.0                     ; 1018 MB             ; 00:00:01                           ;
; EDA Netlist Writer        ; 00:00:03     ; 1.0                     ; 1034 MB             ; 00:00:02                           ;
; EDA Netlist Writer        ; 00:00:01     ; 1.0                     ; 1018 MB             ; 00:00:01                           ;
; EDA Netlist Writer        ; 00:00:02     ; 1.0                     ; 1034 MB             ; 00:00:02                           ;
; EDA Netlist Writer        ; 00:00:01     ; 1.0                     ; 1018 MB             ; 00:00:01                           ;
; EDA Netlist Writer        ; 00:00:03     ; 1.0                     ; 1034 MB             ; 00:00:02                           ;
; EDA Netlist Writer        ; 00:00:01     ; 1.0                     ; 1018 MB             ; 00:00:01                           ;
; EDA Netlist Writer        ; 00:00:02     ; 1.0                     ; 1034 MB             ; 00:00:02                           ;
; EDA Netlist Writer        ; 00:00:01     ; 1.0                     ; 1018 MB             ; 00:00:01                           ;
; EDA Netlist Writer        ; 00:00:04     ; 1.0                     ; 1034 MB             ; 00:00:02                           ;
; EDA Netlist Writer        ; 00:00:01     ; 1.0                     ; 1018 MB             ; 00:00:01                           ;
; EDA Netlist Writer        ; 00:00:01     ; 1.0                     ; 1018 MB             ; 00:00:01                           ;
; EDA Netlist Writer        ; 00:00:02     ; 1.0                     ; 1018 MB             ; 00:00:01                           ;
; EDA Netlist Writer        ; 00:00:01     ; 1.0                     ; 1018 MB             ; 00:00:01                           ;
; EDA Netlist Writer        ; 00:00:00     ; 1.0                     ; 1018 MB             ; 00:00:01                           ;
; EDA Netlist Writer        ; 00:00:01     ; 1.0                     ; 1018 MB             ; 00:00:01                           ;
; Total                     ; 00:01:55     ; --                      ; --                  ; 00:01:40                           ;
+---------------------------+--------------+-------------------------+---------------------+------------------------------------+


+--------------------------------------------------------------------------------------------------+
; Flow OS Summary                                                                                  ;
+---------------------------+-----------------------+--------------+--------------+----------------+
; Module Name               ; Machine Hostname      ; OS Name      ; OS Version   ; Processor type ;
+---------------------------+-----------------------+--------------+--------------+----------------+
; Analysis & Synthesis      ; yooden.ee.ryerson.ca  ; CentOS Linux ; CentOS Linux ; x86_64         ;
; Fitter                    ; yooden.ee.ryerson.ca  ; CentOS Linux ; CentOS Linux ; x86_64         ;
; Assembler                 ; yooden.ee.ryerson.ca  ; CentOS Linux ; CentOS Linux ; x86_64         ;
; TimeQuest Timing Analyzer ; yooden.ee.ryerson.ca  ; CentOS Linux ; CentOS Linux ; x86_64         ;
; EDA Netlist Writer        ; yooden.ee.ryerson.ca  ; CentOS Linux ; CentOS Linux ; x86_64         ;
; EDA Netlist Writer        ; fugue.ee.ryerson.ca   ; CentOS Linux ; CentOS Linux ; x86_64         ;
; EDA Netlist Writer        ; fugue.ee.ryerson.ca   ; CentOS Linux ; CentOS Linux ; x86_64         ;
; EDA Netlist Writer        ; cmp25.ee.ryerson.ca   ; CentOS Linux ; CentOS Linux ; x86_64         ;
; EDA Netlist Writer        ; cmp25.ee.ryerson.ca   ; CentOS Linux ; CentOS Linux ; x86_64         ;
; EDA Netlist Writer        ; cmp25.ee.ryerson.ca   ; CentOS Linux ; CentOS Linux ; x86_64         ;
; EDA Netlist Writer        ; cmp25.ee.ryerson.ca   ; CentOS Linux ; CentOS Linux ; x86_64         ;
; EDA Netlist Writer        ; cmp25.ee.ryerson.ca   ; CentOS Linux ; CentOS Linux ; x86_64         ;
; EDA Netlist Writer        ; cmp25.ee.ryerson.ca   ; CentOS Linux ; CentOS Linux ; x86_64         ;
; EDA Netlist Writer        ; cmp25.ee.ryerson.ca   ; CentOS Linux ; CentOS Linux ; x86_64         ;
; EDA Netlist Writer        ; cmp25.ee.ryerson.ca   ; CentOS Linux ; CentOS Linux ; x86_64         ;
; EDA Netlist Writer        ; cmp25.ee.ryerson.ca   ; CentOS Linux ; CentOS Linux ; x86_64         ;
; EDA Netlist Writer        ; cmp25.ee.ryerson.ca   ; CentOS Linux ; CentOS Linux ; x86_64         ;
; EDA Netlist Writer        ; cmp25.ee.ryerson.ca   ; CentOS Linux ; CentOS Linux ; x86_64         ;
; EDA Netlist Writer        ; cmp25.ee.ryerson.ca   ; CentOS Linux ; CentOS Linux ; x86_64         ;
; EDA Netlist Writer        ; cmp25.ee.ryerson.ca   ; CentOS Linux ; CentOS Linux ; x86_64         ;
; EDA Netlist Writer        ; cmp25.ee.ryerson.ca   ; CentOS Linux ; CentOS Linux ; x86_64         ;
; EDA Netlist Writer        ; cmp25.ee.ryerson.ca   ; CentOS Linux ; CentOS Linux ; x86_64         ;
; EDA Netlist Writer        ; cmp25.ee.ryerson.ca   ; CentOS Linux ; CentOS Linux ; x86_64         ;
; EDA Netlist Writer        ; cmp25.ee.ryerson.ca   ; CentOS Linux ; CentOS Linux ; x86_64         ;
; EDA Netlist Writer        ; cmp25.ee.ryerson.ca   ; CentOS Linux ; CentOS Linux ; x86_64         ;
; EDA Netlist Writer        ; cmp25.ee.ryerson.ca   ; CentOS Linux ; CentOS Linux ; x86_64         ;
; EDA Netlist Writer        ; cmp25.ee.ryerson.ca   ; CentOS Linux ; CentOS Linux ; x86_64         ;
; EDA Netlist Writer        ; clavier.ee.ryerson.ca ; CentOS Linux ; CentOS Linux ; x86_64         ;
; EDA Netlist Writer        ; clavier.ee.ryerson.ca ; CentOS Linux ; CentOS Linux ; x86_64         ;
; EDA Netlist Writer        ; clavier.ee.ryerson.ca ; CentOS Linux ; CentOS Linux ; x86_64         ;
; EDA Netlist Writer        ; clavier.ee.ryerson.ca ; CentOS Linux ; CentOS Linux ; x86_64         ;
; EDA Netlist Writer        ; clavier.ee.ryerson.ca ; CentOS Linux ; CentOS Linux ; x86_64         ;
; EDA Netlist Writer        ; clavier.ee.ryerson.ca ; CentOS Linux ; CentOS Linux ; x86_64         ;
; EDA Netlist Writer        ; kria.ee.ryerson.ca    ; CentOS Linux ; CentOS Linux ; x86_64         ;
; EDA Netlist Writer        ; kria.ee.ryerson.ca    ; CentOS Linux ; CentOS Linux ; x86_64         ;
+---------------------------+-----------------------+--------------+--------------+----------------+


------------
; Flow Log ;
------------
quartus_map --read_settings_files=on --write_settings_files=off lab4b -c lab4b
quartus_fit --read_settings_files=off --write_settings_files=off lab4b -c lab4b
quartus_asm --read_settings_files=off --write_settings_files=off lab4b -c lab4b
quartus_sta lab4b -c lab4b
quartus_eda --read_settings_files=off --write_settings_files=off lab4b -c lab4b
quartus_eda --gen_testbench --check_outputs=on --tool=modelsim_oem --format=verilog lab4b -c lab4b --vector_source=/home/student1/s364pate/COE608/lab4/lab4b/ANDI.vwf --testbench_file=/home/student1/s364pate/COE608/lab4/lab4b/simulation/qsim/ANDI.vwf.vt
quartus_eda --functional=on --flatten_buses=off --simulation=on --tool=modelsim_oem --format=verilog --output_directory=/home/student1/s364pate/COE608/lab4/lab4b/simulation/qsim/ lab4b -c lab4b
quartus_eda --gen_testbench --check_outputs=on --tool=modelsim_oem --format=verilog lab4b -c lab4b --vector_source=/home/student1/s364pate/COE608/lab4/lab4b/ANDI.vwf --testbench_file=/home/student1/s364pate/COE608/lab4/lab4b/simulation/qsim/ANDI.vwf.vt
quartus_eda --functional=off --flatten_buses=off --timescale=1ps --simulation=on --tool=modelsim_oem --format=verilog --output_directory=/home/student1/s364pate/COE608/lab4/lab4b/simulation/qsim/ lab4b -c lab4b
quartus_eda --gen_testbench --check_outputs=on --tool=modelsim_oem --format=verilog lab4b -c lab4b --vector_source=/home/student1/s364pate/COE608/lab4/lab4b/ROL.vwf --testbench_file=/home/student1/s364pate/COE608/lab4/lab4b/simulation/qsim/ROL.vwf.vt
quartus_eda --functional=off --flatten_buses=off --timescale=1ps --simulation=on --tool=modelsim_oem --format=verilog --output_directory=/home/student1/s364pate/COE608/lab4/lab4b/simulation/qsim/ lab4b -c lab4b
quartus_eda --gen_testbench --check_outputs=on --tool=modelsim_oem --format=verilog lab4b -c lab4b --vector_source=/home/student1/s364pate/COE608/lab4/lab4b/ANDI.vwf --testbench_file=/home/student1/s364pate/COE608/lab4/lab4b/simulation/qsim/ANDI.vwf.vt
quartus_eda --functional=on --flatten_buses=off --simulation=on --tool=modelsim_oem --format=verilog --output_directory=/home/student1/s364pate/COE608/lab4/lab4b/simulation/qsim/ lab4b -c lab4b
quartus_eda --gen_testbench --check_outputs=on --tool=modelsim_oem --format=verilog lab4b -c lab4b --vector_source=/home/student1/s364pate/COE608/lab4/lab4b/ANDI.vwf --testbench_file=/home/student1/s364pate/COE608/lab4/lab4b/simulation/qsim/ANDI.vwf.vt
quartus_eda --functional=on --flatten_buses=off --simulation=on --tool=modelsim_oem --format=verilog --output_directory=/home/student1/s364pate/COE608/lab4/lab4b/simulation/qsim/ lab4b -c lab4b
quartus_eda --gen_testbench --check_outputs=on --tool=modelsim_oem --format=verilog lab4b -c lab4b --vector_source=/home/student1/s364pate/COE608/lab4/lab4b/ANDI.vwf --testbench_file=/home/student1/s364pate/COE608/lab4/lab4b/simulation/qsim/ANDI.vwf.vt
quartus_eda --functional=off --flatten_buses=off --timescale=1ps --simulation=on --tool=modelsim_oem --format=verilog --output_directory=/home/student1/s364pate/COE608/lab4/lab4b/simulation/qsim/ lab4b -c lab4b
quartus_eda --gen_testbench --check_outputs=on --tool=modelsim_oem --format=verilog lab4b -c lab4b --vector_source=/home/student1/s364pate/COE608/lab4/lab4b/SUB.vwf --testbench_file=/home/student1/s364pate/COE608/lab4/lab4b/simulation/qsim/SUB.vwf.vt
quartus_eda --functional=off --flatten_buses=off --timescale=1ps --simulation=on --tool=modelsim_oem --format=verilog --output_directory=/home/student1/s364pate/COE608/lab4/lab4b/simulation/qsim/ lab4b -c lab4b
quartus_eda --gen_testbench --check_outputs=on --tool=modelsim_oem --format=verilog lab4b -c lab4b --vector_source=/home/student1/s364pate/COE608/lab4/lab4b/ANDI.vwf --testbench_file=/home/student1/s364pate/COE608/lab4/lab4b/simulation/qsim/ANDI.vwf.vt
quartus_eda --functional=off --flatten_buses=off --timescale=1ps --simulation=on --tool=modelsim_oem --format=verilog --output_directory=/home/student1/s364pate/COE608/lab4/lab4b/simulation/qsim/ lab4b -c lab4b
quartus_eda --gen_testbench --check_outputs=on --tool=modelsim_oem --format=verilog lab4b -c lab4b --vector_source=/home/student1/s364pate/COE608/lab4/lab4b/SUB.vwf --testbench_file=/home/student1/s364pate/COE608/lab4/lab4b/simulation/qsim/SUB.vwf.vt
quartus_eda --functional=off --flatten_buses=off --timescale=1ps --simulation=on --tool=modelsim_oem --format=verilog --output_directory=/home/student1/s364pate/COE608/lab4/lab4b/simulation/qsim/ lab4b -c lab4b
quartus_eda --gen_testbench --check_outputs=on --tool=modelsim_oem --format=verilog lab4b -c lab4b --vector_source=/home/student1/s364pate/COE608/lab4/lab4b/ROL.vwf --testbench_file=/home/student1/s364pate/COE608/lab4/lab4b/simulation/qsim/ROL.vwf.vt
quartus_eda --functional=off --flatten_buses=off --timescale=1ps --simulation=on --tool=modelsim_oem --format=verilog --output_directory=/home/student1/s364pate/COE608/lab4/lab4b/simulation/qsim/ lab4b -c lab4b
quartus_eda --gen_testbench --check_outputs=on --tool=modelsim_oem --format=verilog lab4b -c lab4b --vector_source=/home/student1/s364pate/COE608/lab4/lab4b/ROR.vwf --testbench_file=/home/student1/s364pate/COE608/lab4/lab4b/simulation/qsim/ROR.vwf.vt
quartus_eda --functional=off --flatten_buses=off --timescale=1ps --simulation=on --tool=modelsim_oem --format=verilog --output_directory=/home/student1/s364pate/COE608/lab4/lab4b/simulation/qsim/ lab4b -c lab4b
quartus_eda --gen_testbench --check_outputs=on --tool=modelsim_oem --format=verilog lab4b -c lab4b --vector_source=/home/student1/s364pate/COE608/lab4/lab4b/ROL.vwf --testbench_file=/home/student1/s364pate/COE608/lab4/lab4b/simulation/qsim/ROL.vwf.vt
quartus_eda --functional=off --flatten_buses=off --timescale=1ps --simulation=on --tool=modelsim_oem --format=verilog --output_directory=/home/student1/s364pate/COE608/lab4/lab4b/simulation/qsim/ lab4b -c lab4b
quartus_eda --gen_testbench --check_outputs=on --tool=modelsim_oem --format=verilog lab4b -c lab4b --vector_source=/home/student1/s364pate/COE608/lab4/lab4b/ROL.vwf --testbench_file=/home/student1/s364pate/COE608/lab4/lab4b/simulation/qsim/ROL.vwf.vt
quartus_eda --functional=on --flatten_buses=off --simulation=on --tool=modelsim_oem --format=verilog --output_directory=/home/student1/s364pate/COE608/lab4/lab4b/simulation/qsim/ lab4b -c lab4b
quartus_eda --gen_testbench --check_outputs=on --tool=modelsim_oem --format=verilog lab4b -c lab4b --vector_source=/home/student1/s364pate/COE608/lab4/lab4b/ROL.vwf --testbench_file=/home/student1/s364pate/COE608/lab4/lab4b/simulation/qsim/ROL.vwf.vt
quartus_eda --functional=on --flatten_buses=off --simulation=on --tool=modelsim_oem --format=verilog --output_directory=/home/student1/s364pate/COE608/lab4/lab4b/simulation/qsim/ lab4b -c lab4b
quartus_eda --gen_testbench --check_outputs=on --tool=modelsim_oem --format=verilog lab4b -c lab4b --vector_source=/home/student1/s364pate/COE608/lab4/lab4b/ROL.vwf --testbench_file=/home/student1/s364pate/COE608/lab4/lab4b/simulation/qsim/ROL.vwf.vt
quartus_eda --functional=on --flatten_buses=off --simulation=on --tool=modelsim_oem --format=verilog --output_directory=/home/student1/s364pate/COE608/lab4/lab4b/simulation/qsim/ lab4b -c lab4b



