Flow report for lab4a
Mon Feb 20 23:04:52 2023
Quartus II 64-Bit Version 14.0.2 Build 209 09/17/2014 SJ Full Version


---------------------
; Table of Contents ;
---------------------
  1. Legal Notice
  2. Flow Summary
  3. Flow Settings
  4. Flow Non-Default Global Settings
  5. Flow Elapsed Time
  6. Flow OS Summary
  7. Flow Log
  8. Flow Messages
  9. Flow Suppressed Messages



----------------
; Legal Notice ;
----------------
Copyright (C) 1991-2014 Altera Corporation. All rights reserved.
Your use of Altera Corporation's design tools, logic functions 
and other software and tools, and its AMPP partner logic 
functions, and any output files from any of the foregoing 
(including device programming or simulation files), and any 
associated documentation or information are expressly subject 
to the terms and conditions of the Altera Program License 
Subscription Agreement, the Altera Quartus II License Agreement,
the Altera MegaCore Function License Agreement, or other 
applicable license agreement, including, without limitation, 
that your use is for the sole purpose of programming logic 
devices manufactured by Altera and sold by Altera or its 
authorized distributors.  Please refer to the applicable 
agreement for further details.



+----------------------------------------------------------------------------------+
; Flow Summary                                                                     ;
+------------------------------------+---------------------------------------------+
; Flow Status                        ; Successful - Mon Feb 20 23:04:52 2023       ;
; Quartus II 64-Bit Version          ; 14.0.2 Build 209 09/17/2014 SJ Full Version ;
; Revision Name                      ; lab4a                                       ;
; Top-level Entity Name              ; data_mem                                    ;
; Family                             ; Cyclone IV E                                ;
; Device                             ; EP4CE115F29C7                               ;
; Timing Models                      ; Final                                       ;
; Total logic elements               ; 9,943 / 114,480 ( 9 % )                     ;
;     Total combinational functions  ; 5,769 / 114,480 ( 5 % )                     ;
;     Dedicated logic registers      ; 8,224 / 114,480 ( 7 % )                     ;
; Total registers                    ; 8224                                        ;
; Total pins                         ; 75 / 529 ( 14 % )                           ;
; Total virtual pins                 ; 0                                           ;
; Total memory bits                  ; 0 / 3,981,312 ( 0 % )                       ;
; Embedded Multiplier 9-bit elements ; 0 / 532 ( 0 % )                             ;
; Total PLLs                         ; 0 / 4 ( 0 % )                               ;
+------------------------------------+---------------------------------------------+


+-----------------------------------------+
; Flow Settings                           ;
+-------------------+---------------------+
; Option            ; Setting             ;
+-------------------+---------------------+
; Start date & time ; 02/14/2023 13:28:10 ;
; Main task         ; Compilation         ;
; Revision Name     ; lab4a               ;
+-------------------+---------------------+


+----------------------------------------------------------------------------------------------------------------------+
; Flow Non-Default Global Settings                                                                                     ;
+-------------------------------------+---------------------------------+---------------+-------------+----------------+
; Assignment Name                     ; Value                           ; Default Value ; Entity Name ; Section Id     ;
+-------------------------------------+---------------------------------+---------------+-------------+----------------+
; COMPILER_SIGNATURE_ID               ; 159090364149246.167639929012074 ; --            ; --          ; --             ;
; EDA_OUTPUT_DATA_FORMAT              ; Vhdl                            ; --            ; --          ; eda_simulation ;
; EDA_SIMULATION_TOOL                 ; ModelSim-Altera (VHDL)          ; <None>        ; --          ; --             ;
; MAX_CORE_JUNCTION_TEMP              ; 85                              ; --            ; --          ; --             ;
; MIN_CORE_JUNCTION_TEMP              ; 0                               ; --            ; --          ; --             ;
; NOMINAL_CORE_SUPPLY_VOLTAGE         ; 1.2V                            ; --            ; --          ; --             ;
; PARTITION_COLOR                     ; 16764057                        ; --            ; data_mem    ; Top            ;
; PARTITION_FITTER_PRESERVATION_LEVEL ; PLACEMENT_AND_ROUTING           ; --            ; data_mem    ; Top            ;
; PARTITION_NETLIST_TYPE              ; SOURCE                          ; --            ; data_mem    ; Top            ;
; PROJECT_OUTPUT_DIRECTORY            ; output_files                    ; --            ; --          ; --             ;
; TOP_LEVEL_ENTITY                    ; data_mem                        ; lab4a         ; --          ; --             ;
+-------------------------------------+---------------------------------+---------------+-------------+----------------+


+-------------------------------------------------------------------------------------------------------------------------------+
; Flow Elapsed Time                                                                                                             ;
+---------------------------+--------------+-------------------------+---------------------+------------------------------------+
; Module Name               ; Elapsed Time ; Average Processors Used ; Peak Virtual Memory ; Total CPU Time (on all processors) ;
+---------------------------+--------------+-------------------------+---------------------+------------------------------------+
; Analysis & Synthesis      ; 00:00:20     ; 1.0                     ; 1000 MB             ; 00:00:19                           ;
; Fitter                    ; 00:02:33     ; 1.7                     ; 1676 MB             ; 00:03:18                           ;
; Assembler                 ; 00:00:06     ; 1.0                     ; 814 MB              ; 00:00:05                           ;
; TimeQuest Timing Analyzer ; 00:00:12     ; 1.3                     ; 1008 MB             ; 00:00:10                           ;
; EDA Netlist Writer        ; 00:00:11     ; 1.0                     ; 984 MB              ; 00:00:10                           ;
; EDA Netlist Writer        ; 00:00:02     ; 1.0                     ; 1052 MB             ; 00:00:01                           ;
; EDA Netlist Writer        ; 00:00:03     ; 1.0                     ; 1064 MB             ; 00:00:03                           ;
; EDA Netlist Writer        ; 00:00:02     ; 1.0                     ; 1056 MB             ; 00:00:01                           ;
; EDA Netlist Writer        ; 00:00:03     ; 1.0                     ; 1066 MB             ; 00:00:03                           ;
; EDA Netlist Writer        ; 00:00:01     ; 1.0                     ; 1054 MB             ; 00:00:01                           ;
; EDA Netlist Writer        ; 00:00:12     ; 1.0                     ; 1100 MB             ; 00:00:10                           ;
; EDA Netlist Writer        ; 00:00:01     ; 1.0                     ; 1056 MB             ; 00:00:01                           ;
; EDA Netlist Writer        ; 00:00:12     ; 1.0                     ; 1100 MB             ; 00:00:10                           ;
; EDA Netlist Writer        ; 00:00:01     ; 1.0                     ; 1056 MB             ; 00:00:01                           ;
; EDA Netlist Writer        ; 00:00:03     ; 1.0                     ; 1066 MB             ; 00:00:03                           ;
; EDA Netlist Writer        ; 00:00:01     ; 1.0                     ; 1056 MB             ; 00:00:01                           ;
; EDA Netlist Writer        ; 00:00:12     ; 1.0                     ; 1089 MB             ; 00:00:10                           ;
; Total                     ; 00:04:15     ; --                      ; --                  ; 00:04:47                           ;
+---------------------------+--------------+-------------------------+---------------------+------------------------------------+


+------------------------------------------------------------------------------------------------+
; Flow OS Summary                                                                                ;
+---------------------------+---------------------+--------------+--------------+----------------+
; Module Name               ; Machine Hostname    ; OS Name      ; OS Version   ; Processor type ;
+---------------------------+---------------------+--------------+--------------+----------------+
; Analysis & Synthesis      ; cmp40.ee.ryerson.ca ; CentOS Linux ; CentOS Linux ; x86_64         ;
; Fitter                    ; cmp40.ee.ryerson.ca ; CentOS Linux ; CentOS Linux ; x86_64         ;
; Assembler                 ; cmp40.ee.ryerson.ca ; CentOS Linux ; CentOS Linux ; x86_64         ;
; TimeQuest Timing Analyzer ; cmp40.ee.ryerson.ca ; CentOS Linux ; CentOS Linux ; x86_64         ;
; EDA Netlist Writer        ; cmp40.ee.ryerson.ca ; CentOS Linux ; CentOS Linux ; x86_64         ;
; EDA Netlist Writer        ; cmp40.ee.ryerson.ca ; CentOS Linux ; CentOS Linux ; x86_64         ;
; EDA Netlist Writer        ; cmp40.ee.ryerson.ca ; CentOS Linux ; CentOS Linux ; x86_64         ;
; EDA Netlist Writer        ; cmp12.ee.ryerson.ca ; CentOS Linux ; CentOS Linux ; x86_64         ;
; EDA Netlist Writer        ; cmp12.ee.ryerson.ca ; CentOS Linux ; CentOS Linux ; x86_64         ;
; EDA Netlist Writer        ; cmp12.ee.ryerson.ca ; CentOS Linux ; CentOS Linux ; x86_64         ;
; EDA Netlist Writer        ; cmp12.ee.ryerson.ca ; CentOS Linux ; CentOS Linux ; x86_64         ;
; EDA Netlist Writer        ; cmp05.ee.ryerson.ca ; CentOS Linux ; CentOS Linux ; x86_64         ;
; EDA Netlist Writer        ; cmp05.ee.ryerson.ca ; CentOS Linux ; CentOS Linux ; x86_64         ;
; EDA Netlist Writer        ; cmp05.ee.ryerson.ca ; CentOS Linux ; CentOS Linux ; x86_64         ;
; EDA Netlist Writer        ; cmp05.ee.ryerson.ca ; CentOS Linux ; CentOS Linux ; x86_64         ;
; EDA Netlist Writer        ; cmp05.ee.ryerson.ca ; CentOS Linux ; CentOS Linux ; x86_64         ;
; EDA Netlist Writer        ; cmp05.ee.ryerson.ca ; CentOS Linux ; CentOS Linux ; x86_64         ;
+---------------------------+---------------------+--------------+--------------+----------------+


------------
; Flow Log ;
------------
quartus_map --read_settings_files=on --write_settings_files=off lab4a -c lab4a
quartus_fit --read_settings_files=off --write_settings_files=off lab4a -c lab4a
quartus_asm --read_settings_files=off --write_settings_files=off lab4a -c lab4a
quartus_sta lab4a -c lab4a
quartus_eda --read_settings_files=off --write_settings_files=off lab4a -c lab4a
quartus_eda --gen_testbench --check_outputs=on --tool=modelsim_oem --format=verilog lab4a -c lab4a --vector_source=/home/student1/s364pate/COE608/lab4/lab4a/Waveform.vwf --testbench_file=/home/student1/s364pate/COE608/lab4/lab4a/simulation/qsim/Waveform.vwf.vt
quartus_eda --functional=on --flatten_buses=off --simulation=on --tool=modelsim_oem --format=verilog --output_directory=/home/student1/s364pate/COE608/lab4/lab4a/simulation/qsim/ lab4a -c lab4a
quartus_eda --gen_testbench --check_outputs=on --tool=modelsim_oem --format=verilog lab4a -c lab4a --vector_source=/home/student1/s364pate/COE608/lab4/lab4a/Waveform.vwf --testbench_file=/home/student1/s364pate/COE608/lab4/lab4a/simulation/qsim/Waveform.vwf.vt
quartus_eda --functional=on --flatten_buses=off --simulation=on --tool=modelsim_oem --format=verilog --output_directory=/home/student1/s364pate/COE608/lab4/lab4a/simulation/qsim/ lab4a -c lab4a
quartus_eda --gen_testbench --check_outputs=on --tool=modelsim_oem --format=verilog lab4a -c lab4a --vector_source=/home/student1/s364pate/COE608/lab4/lab4a/Waveform.vwf --testbench_file=/home/student1/s364pate/COE608/lab4/lab4a/simulation/qsim/Waveform.vwf.vt
quartus_eda --functional=off --flatten_buses=off --timescale=1ps --simulation=on --tool=modelsim_oem --format=verilog --output_directory=/home/student1/s364pate/COE608/lab4/lab4a/simulation/qsim/ lab4a -c lab4a
quartus_eda --gen_testbench --check_outputs=on --tool=modelsim_oem --format=verilog lab4a -c lab4a --vector_source=/home/student1/s364pate/COE608/lab4/lab4a/Waveform.vwf --testbench_file=/home/student1/s364pate/COE608/lab4/lab4a/simulation/qsim/Waveform.vwf.vt
quartus_eda --functional=off --flatten_buses=off --timescale=1ps --simulation=on --tool=modelsim_oem --format=verilog --output_directory=/home/student1/s364pate/COE608/lab4/lab4a/simulation/qsim/ lab4a -c lab4a
quartus_eda --gen_testbench --check_outputs=on --tool=modelsim_oem --format=verilog lab4a -c lab4a --vector_source=/home/student1/s364pate/COE608/lab4/lab4a/Waveform.vwf --testbench_file=/home/student1/s364pate/COE608/lab4/lab4a/simulation/qsim/Waveform.vwf.vt
quartus_eda --functional=on --flatten_buses=off --simulation=on --tool=modelsim_oem --format=verilog --output_directory=/home/student1/s364pate/COE608/lab4/lab4a/simulation/qsim/ lab4a -c lab4a
quartus_eda --gen_testbench --check_outputs=on --tool=modelsim_oem --format=verilog lab4a -c lab4a --vector_source=/home/student1/s364pate/COE608/lab4/lab4a/Waveform.vwf --testbench_file=/home/student1/s364pate/COE608/lab4/lab4a/simulation/qsim/Waveform.vwf.vt
quartus_eda --functional=off --flatten_buses=off --timescale=1ps --simulation=on --tool=modelsim_oem --format=verilog --output_directory=/home/student1/s364pate/COE608/lab4/lab4a/simulation/qsim/ lab4a -c lab4a



