Flow report for lab1
Sat Jan 14 22:55:57 2023
Quartus II 64-Bit Version 14.0.2 Build 209 09/17/2014 SJ Full Version


---------------------
; Table of Contents ;
---------------------
  1. Legal Notice
  2. Flow Summary
  3. Flow Settings
  4. Flow Non-Default Global Settings
  5. Flow Elapsed Time
  6. Flow OS Summary
  7. Flow Log
  8. Flow Messages
  9. Flow Suppressed Messages



----------------
; Legal Notice ;
----------------
Copyright (C) 1991-2014 Altera Corporation. All rights reserved.
Your use of Altera Corporation's design tools, logic functions 
and other software and tools, and its AMPP partner logic 
functions, and any output files from any of the foregoing 
(including device programming or simulation files), and any 
associated documentation or information are expressly subject 
to the terms and conditions of the Altera Program License 
Subscription Agreement, the Altera Quartus II License Agreement,
the Altera MegaCore Function License Agreement, or other 
applicable license agreement, including, without limitation, 
that your use is for the sole purpose of programming logic 
devices manufactured by Altera and sold by Altera or its 
authorized distributors.  Please refer to the applicable 
agreement for further details.



+----------------------------------------------------------------------------------+
; Flow Summary                                                                     ;
+------------------------------------+---------------------------------------------+
; Flow Status                        ; Successful - Sat Jan 14 22:55:57 2023       ;
; Quartus II 64-Bit Version          ; 14.0.2 Build 209 09/17/2014 SJ Full Version ;
; Revision Name                      ; lab1                                        ;
; Top-level Entity Name              ; Block1                                      ;
; Family                             ; Cyclone IV E                                ;
; Device                             ; EP4CE115F29C7                               ;
; Timing Models                      ; Final                                       ;
; Total logic elements               ; 1 / 114,480 ( < 1 % )                       ;
;     Total combinational functions  ; 1 / 114,480 ( < 1 % )                       ;
;     Dedicated logic registers      ; 0 / 114,480 ( 0 % )                         ;
; Total registers                    ; 0                                           ;
; Total pins                         ; 3 / 529 ( < 1 % )                           ;
; Total virtual pins                 ; 0                                           ;
; Total memory bits                  ; 0 / 3,981,312 ( 0 % )                       ;
; Embedded Multiplier 9-bit elements ; 0 / 532 ( 0 % )                             ;
; Total PLLs                         ; 0 / 4 ( 0 % )                               ;
+------------------------------------+---------------------------------------------+


+-----------------------------------------+
; Flow Settings                           ;
+-------------------+---------------------+
; Option            ; Setting             ;
+-------------------+---------------------+
; Start date & time ; 01/14/2023 22:50:53 ;
; Main task         ; Compilation         ;
; Revision Name     ; lab1                ;
+-------------------+---------------------+


+----------------------------------------------------------------------------------------------------------------------+
; Flow Non-Default Global Settings                                                                                     ;
+-------------------------------------+---------------------------------+---------------+-------------+----------------+
; Assignment Name                     ; Value                           ; Default Value ; Entity Name ; Section Id     ;
+-------------------------------------+---------------------------------+---------------+-------------+----------------+
; COMPILER_SIGNATURE_ID               ; 203178703697076.167375465312622 ; --            ; --          ; --             ;
; EDA_OUTPUT_DATA_FORMAT              ; Vhdl                            ; --            ; --          ; eda_simulation ;
; EDA_SIMULATION_TOOL                 ; ModelSim-Altera (VHDL)          ; <None>        ; --          ; --             ;
; MAX_CORE_JUNCTION_TEMP              ; 85                              ; --            ; --          ; --             ;
; MIN_CORE_JUNCTION_TEMP              ; 0                               ; --            ; --          ; --             ;
; NOMINAL_CORE_SUPPLY_VOLTAGE         ; 1.2V                            ; --            ; --          ; --             ;
; PARTITION_COLOR                     ; 16764057                        ; --            ; Block1      ; Top            ;
; PARTITION_FITTER_PRESERVATION_LEVEL ; PLACEMENT_AND_ROUTING           ; --            ; Block1      ; Top            ;
; PARTITION_NETLIST_TYPE              ; SOURCE                          ; --            ; Block1      ; Top            ;
; PROJECT_OUTPUT_DIRECTORY            ; output_files                    ; --            ; --          ; --             ;
; TOP_LEVEL_ENTITY                    ; Block1                          ; lab1          ; --          ; --             ;
+-------------------------------------+---------------------------------+---------------+-------------+----------------+


+-------------------------------------------------------------------------------------------------------------------------------+
; Flow Elapsed Time                                                                                                             ;
+---------------------------+--------------+-------------------------+---------------------+------------------------------------+
; Module Name               ; Elapsed Time ; Average Processors Used ; Peak Virtual Memory ; Total CPU Time (on all processors) ;
+---------------------------+--------------+-------------------------+---------------------+------------------------------------+
; Analysis & Synthesis      ; 00:00:03     ; 1.0                     ; 937 MB              ; 00:00:02                           ;
; Fitter                    ; 00:00:11     ; 1.3                     ; 1347 MB             ; 00:00:13                           ;
; Assembler                 ; 00:00:05     ; 1.0                     ; 772 MB              ; 00:00:04                           ;
; TimeQuest Timing Analyzer ; 00:00:03     ; 1.0                     ; 890 MB              ; 00:00:03                           ;
; EDA Netlist Writer        ; 00:00:01     ; 1.0                     ; 895 MB              ; 00:00:01                           ;
; EDA Netlist Writer        ; 00:00:01     ; 1.0                     ; 992 MB              ; 00:00:01                           ;
; EDA Netlist Writer        ; 00:00:01     ; 1.0                     ; 1008 MB             ; 00:00:01                           ;
; EDA Netlist Writer        ; 00:00:01     ; 1.0                     ; 992 MB              ; 00:00:01                           ;
; EDA Netlist Writer        ; 00:00:01     ; 1.0                     ; 1002 MB             ; 00:00:01                           ;
; Total                     ; 00:00:27     ; --                      ; --                  ; 00:00:27                           ;
+---------------------------+--------------+-------------------------+---------------------+------------------------------------+


+------------------------------------------------------------------------------------------------+
; Flow OS Summary                                                                                ;
+---------------------------+---------------------+--------------+--------------+----------------+
; Module Name               ; Machine Hostname    ; OS Name      ; OS Version   ; Processor type ;
+---------------------------+---------------------+--------------+--------------+----------------+
; Analysis & Synthesis      ; cmp15.ee.ryerson.ca ; CentOS Linux ; CentOS Linux ; x86_64         ;
; Fitter                    ; cmp15.ee.ryerson.ca ; CentOS Linux ; CentOS Linux ; x86_64         ;
; Assembler                 ; cmp15.ee.ryerson.ca ; CentOS Linux ; CentOS Linux ; x86_64         ;
; TimeQuest Timing Analyzer ; cmp15.ee.ryerson.ca ; CentOS Linux ; CentOS Linux ; x86_64         ;
; EDA Netlist Writer        ; cmp15.ee.ryerson.ca ; CentOS Linux ; CentOS Linux ; x86_64         ;
; EDA Netlist Writer        ; cmp15.ee.ryerson.ca ; CentOS Linux ; CentOS Linux ; x86_64         ;
; EDA Netlist Writer        ; cmp15.ee.ryerson.ca ; CentOS Linux ; CentOS Linux ; x86_64         ;
; EDA Netlist Writer        ; cmp15.ee.ryerson.ca ; CentOS Linux ; CentOS Linux ; x86_64         ;
; EDA Netlist Writer        ; cmp15.ee.ryerson.ca ; CentOS Linux ; CentOS Linux ; x86_64         ;
+---------------------------+---------------------+--------------+--------------+----------------+


------------
; Flow Log ;
------------
quartus_map --read_settings_files=on --write_settings_files=off lab1 -c lab1
quartus_fit --read_settings_files=off --write_settings_files=off lab1 -c lab1
quartus_asm --read_settings_files=off --write_settings_files=off lab1 -c lab1
quartus_sta lab1 -c lab1
quartus_eda --read_settings_files=off --write_settings_files=off lab1 -c lab1
quartus_eda --gen_testbench --check_outputs=on --tool=modelsim_oem --format=verilog lab1 -c lab1 --vector_source=/home/student1/s364pate/Desktop/COE608/lab1/light.vwf --testbench_file=/home/student1/s364pate/Desktop/COE608/lab1/simulation/qsim/light.vwf.vt
quartus_eda --functional=on --flatten_buses=off --simulation=on --tool=modelsim_oem --format=verilog --output_directory=/home/student1/s364pate/Desktop/COE608/lab1/simulation/qsim/ lab1 -c lab1
quartus_eda --gen_testbench --check_outputs=on --tool=modelsim_oem --format=verilog lab1 -c lab1 --vector_source=/home/student1/s364pate/Desktop/COE608/lab1/light.vwf --testbench_file=/home/student1/s364pate/Desktop/COE608/lab1/simulation/qsim/light.vwf.vt
quartus_eda --functional=off --flatten_buses=off --timescale=1ps --simulation=on --tool=modelsim_oem --format=verilog --output_directory=/home/student1/s364pate/Desktop/COE608/lab1/simulation/qsim/ lab1 -c lab1



